127                             
5592408 
5592408
5592408
5592408
fyRLtzX97SFy6JY+PNvkTFGQZiwZQPZ5
127                             
5592408
5592408
5592408
5592408
fyRLtzX97SFy6JY+PNvkTFGQZiwZQPZ5
127                             
5592408
5592408
5592408
5592408
5592408
5592408
5592408
4875016
27                              
127                             
5592408
5592408
5592408
5592408
fyRLtzX97SFy6JY+PNvkTFGQZiwZQPZ5
127                             
5592408
5592408
5592408
5592408
5592408
5592408
5592408
4875016
27                              
127                             
27                              
5592408
5592408
5592408
5592408
5592408
5592408
5592408
4875016
148                             
5592408
5592408
5592408
5592408
5592408
5592408
NIxnfSUOTHaJumW/lFsMoNpPZ0PU+dsH
148                             
5592408
5592408
5592408
5592408
5592408
YrfdE5K93QwwbMg0kqHe5ATVCMG+PMAN
